<?xml version="1.0" encoding="UTF-8" ?>
<testsuite failures="0" time="2.903" errors="1" skipped="0" tests="1" name="test.CTest">
  <properties>
    <property name="idea.version" value="2017.2.6"/>
    <property name="java.runtime.name" value="Java(TM) SE Runtime Environment"/>
    <property name="sun.boot.library.path" value="C:\java\jdk1.7.0_45\jre\bin"/>
    <property name="java.vm.version" value="24.45-b08"/>
    <property name="java.vm.vendor" value="Oracle Corporation"/>
    <property name="maven.multiModuleProjectDirectory" value="E:\cxl\dev\idea-cxl-space\crm\eisp-parent"/>
    <property name="java.vendor.url" value="http://java.oracle.com/"/>
    <property name="path.separator" value=";"/>
    <property name="guice.disable.misplaced.annotation.check" value="true"/>
    <property name="java.vm.name" value="Java HotSpot(TM) 64-Bit Server VM"/>
    <property name="file.encoding.pkg" value="sun.io"/>
    <property name="user.script" value=""/>
    <property name="user.country" value="CN"/>
    <property name="sun.java.launcher" value="SUN_STANDARD"/>
    <property name="sun.os.patch.level" value="Service Pack 1"/>
    <property name="java.vm.specification.name" value="Java Virtual Machine Specification"/>
    <property name="user.dir" value="E:\cxl\dev\idea-cxl-space\crm\eisp-parent"/>
    <property name="java.runtime.version" value="1.7.0_45-b18"/>
    <property name="java.awt.graphicsenv" value="sun.awt.Win32GraphicsEnvironment"/>
    <property name="java.endorsed.dirs" value="C:\java\jdk1.7.0_45\jre\lib\endorsed"/>
    <property name="os.arch" value="amd64"/>
    <property name="java.io.tmpdir" value="C:\Users\cxl\AppData\Local\Temp\"/>
    <property name="line.separator" value="
"/>
    <property name="java.vm.specification.vendor" value="Oracle Corporation"/>
    <property name="user.variant" value=""/>
    <property name="os.name" value="Windows 7"/>
    <property name="classworlds.conf" value="F:\cxl\dev\idea\ideaIU-2017.2.5.win\plugins\maven\lib\maven3\bin\m2.conf"/>
    <property name="sun.jnu.encoding" value="GBK"/>
    <property name="java.library.path" value="C:\java\jdk1.7.0_45\bin;C:\Windows\Sun\Java\bin;C:\Windows\system32;C:\Windows;F:/cxl/dev/idea/ideaIU-2017.2.5.win/plugins/maven/lib/maven3\bin;D:\app\cxl\product\11.2.0\dbhome_1\bin;C:\java\jdk1.7.0_45\bin;C:\java\jdk1.7.0_45\jre\bin;C:\Program Files (x86)\AMD APP\bin\x86_64;C:\Program Files (x86)\AMD APP\bin\x86;C:\Windows\system32;C:\Windows;C:\Windows\System32\Wbem;C:\Windows\System32\WindowsPowerShell\v1.0\;C:\Program Files (x86)\ATI Technologies\ATI.ACE\Core-Static;C:\Program Files\TortoiseSVN\bin;C:\Program Files (x86)\VisualSVN Server\bin;C:\Program Files\TortoiseGit\bin;."/>
    <property name="java.specification.name" value="Java Platform API Specification"/>
    <property name="java.class.version" value="51.0"/>
    <property name="sun.management.compiler" value="HotSpot 64-Bit Tiered Compilers"/>
    <property name="os.version" value="6.1"/>
    <property name="user.home" value="C:\Users\cxl"/>
    <property name="user.timezone" value="Asia/Shanghai"/>
    <property name="java.awt.printerjob" value="sun.awt.windows.WPrinterJob"/>
    <property name="java.specification.version" value="1.7"/>
    <property name="file.encoding" value="UTF-8"/>
    <property name="user.name" value="cxl"/>
    <property name="java.class.path" value="F:\cxl\dev\idea\ideaIU-2017.2.5.win\plugins\maven\lib\maven3\boot\plexus-classworlds-2.5.2.jar;F:\cxl\dev\idea\ideaIU-2017.2.5.win\lib\idea_rt.jar"/>
    <property name="java.vm.specification.version" value="1.7"/>
    <property name="sun.arch.data.model" value="64"/>
    <property name="java.home" value="C:\java\jdk1.7.0_45\jre"/>
    <property name="sun.java.command" value="org.codehaus.classworlds.Launcher -Didea.version=2017.2.6 -s E:\cxl\dev\idea-cxl-space\crm-maven\settings.xml install -P internal"/>
    <property name="java.specification.vendor" value="Oracle Corporation"/>
    <property name="user.language" value="zh"/>
    <property name="awt.toolkit" value="sun.awt.windows.WToolkit"/>
    <property name="java.vm.info" value="mixed mode"/>
    <property name="java.version" value="1.7.0_45"/>
    <property name="java.ext.dirs" value="C:\java\jdk1.7.0_45\jre\lib\ext;C:\Windows\Sun\Java\lib\ext"/>
    <property name="sun.boot.class.path" value="C:\java\jdk1.7.0_45\jre\lib\resources.jar;C:\java\jdk1.7.0_45\jre\lib\rt.jar;C:\java\jdk1.7.0_45\jre\lib\sunrsasign.jar;C:\java\jdk1.7.0_45\jre\lib\jsse.jar;C:\java\jdk1.7.0_45\jre\lib\jce.jar;C:\java\jdk1.7.0_45\jre\lib\charsets.jar;C:\java\jdk1.7.0_45\jre\lib\jfr.jar;C:\java\jdk1.7.0_45\jre\classes"/>
    <property name="java.vendor" value="Oracle Corporation"/>
    <property name="maven.home" value="F:\cxl\dev\idea\ideaIU-2017.2.5.win\plugins\maven\lib\maven3"/>
    <property name="file.separator" value="\"/>
    <property name="java.vendor.url.bug" value="http://bugreport.sun.com/bugreport/"/>
    <property name="sun.cpu.endian" value="little"/>
    <property name="sun.io.unicode.encoding" value="UnicodeLittle"/>
    <property name="sun.desktop" value="windows"/>
    <property name="sun.cpu.isalist" value="amd64"/>
  </properties>
  <testcase time="2.903" classname="test.CTest" name="Test1">
    <error message="Failed to load ApplicationContext" type="java.lang.IllegalStateException">java.lang.IllegalStateException: Failed to load ApplicationContext
	at org.springframework.test.context.TestContext.getApplicationContext(TestContext.java:157)
	at org.springframework.test.context.support.DependencyInjectionTestExecutionListener.injectDependencies(DependencyInjectionTestExecutionListener.java:109)
	at org.springframework.test.context.support.DependencyInjectionTestExecutionListener.prepareTestInstance(DependencyInjectionTestExecutionListener.java:75)
	at org.springframework.test.context.TestContextManager.prepareTestInstance(TestContextManager.java:321)
	at org.springframework.test.context.junit4.SpringJUnit4ClassRunner.createTest(SpringJUnit4ClassRunner.java:211)
	at org.springframework.test.context.junit4.SpringJUnit4ClassRunner$1.runReflectiveCall(SpringJUnit4ClassRunner.java:288)
	at org.junit.internal.runners.model.ReflectiveCallable.run(ReflectiveCallable.java:12)
	at org.springframework.test.context.junit4.SpringJUnit4ClassRunner.methodBlock(SpringJUnit4ClassRunner.java:290)
	at org.springframework.test.context.junit4.SpringJUnit4ClassRunner.runChild(SpringJUnit4ClassRunner.java:231)
	at org.junit.runners.BlockJUnit4ClassRunner.runChild(BlockJUnit4ClassRunner.java:57)
	at org.junit.runners.ParentRunner$3.run(ParentRunner.java:290)
	at org.junit.runners.ParentRunner$1.schedule(ParentRunner.java:71)
	at org.junit.runners.ParentRunner.runChildren(ParentRunner.java:288)
	at org.junit.runners.ParentRunner.access$000(ParentRunner.java:58)
	at org.junit.runners.ParentRunner$2.evaluate(ParentRunner.java:268)
	at org.springframework.test.context.junit4.statements.RunBeforeTestClassCallbacks.evaluate(RunBeforeTestClassCallbacks.java:61)
	at org.springframework.test.context.junit4.statements.RunAfterTestClassCallbacks.evaluate(RunAfterTestClassCallbacks.java:71)
	at org.junit.runners.ParentRunner.run(ParentRunner.java:363)
	at org.springframework.test.context.junit4.SpringJUnit4ClassRunner.run(SpringJUnit4ClassRunner.java:174)
	at org.apache.maven.surefire.junit4.JUnit4Provider.execute(JUnit4Provider.java:252)
	at org.apache.maven.surefire.junit4.JUnit4Provider.executeTestSet(JUnit4Provider.java:141)
	at org.apache.maven.surefire.junit4.JUnit4Provider.invoke(JUnit4Provider.java:112)
	at sun.reflect.NativeMethodAccessorImpl.invoke0(Native Method)
	at sun.reflect.NativeMethodAccessorImpl.invoke(NativeMethodAccessorImpl.java:57)
	at sun.reflect.DelegatingMethodAccessorImpl.invoke(DelegatingMethodAccessorImpl.java:43)
	at java.lang.reflect.Method.invoke(Method.java:606)
	at org.apache.maven.surefire.util.ReflectionUtils.invokeMethodWithArray(ReflectionUtils.java:189)
	at org.apache.maven.surefire.booter.ProviderFactory$ProviderProxy.invoke(ProviderFactory.java:165)
	at org.apache.maven.surefire.booter.ProviderFactory.invokeProvider(ProviderFactory.java:85)
	at org.apache.maven.surefire.booter.ForkedBooter.runSuitesInProcess(ForkedBooter.java:115)
	at org.apache.maven.surefire.booter.ForkedBooter.main(ForkedBooter.java:75)
Caused by: org.springframework.beans.factory.BeanCreationException: Error creating bean with name &apos;jdbcDao&apos; defined in file [E:\cxl\dev\idea-cxl-space\crm\eisp-core\target\classes\org\crmframework\core\common\dao\jdbc\JdbcDao.class]: Invocation of init method failed; nested exception is java.lang.IllegalArgumentException: Property &apos;dataSource&apos; is required
	at org.springframework.beans.factory.support.AbstractAutowireCapableBeanFactory.initializeBean(AbstractAutowireCapableBeanFactory.java:1455)
	at org.springframework.beans.factory.support.AbstractAutowireCapableBeanFactory.doCreateBean(AbstractAutowireCapableBeanFactory.java:519)
	at org.springframework.beans.factory.support.AbstractAutowireCapableBeanFactory.createBean(AbstractAutowireCapableBeanFactory.java:456)
	at org.springframework.beans.factory.support.AbstractBeanFactory$1.getObject(AbstractBeanFactory.java:294)
	at org.springframework.beans.factory.support.DefaultSingletonBeanRegistry.getSingleton(DefaultSingletonBeanRegistry.java:225)
	at org.springframework.beans.factory.support.AbstractBeanFactory.doGetBean(AbstractBeanFactory.java:291)
	at org.springframework.beans.factory.support.AbstractBeanFactory.getBean(AbstractBeanFactory.java:193)
	at org.springframework.beans.factory.support.DefaultListableBeanFactory.preInstantiateSingletons(DefaultListableBeanFactory.java:585)
	at org.springframework.context.support.AbstractApplicationContext.finishBeanFactoryInitialization(AbstractApplicationContext.java:913)
	at org.springframework.context.support.AbstractApplicationContext.refresh(AbstractApplicationContext.java:464)
	at org.springframework.test.context.support.AbstractGenericContextLoader.loadContext(AbstractGenericContextLoader.java:103)
	at org.springframework.test.context.support.AbstractGenericContextLoader.loadContext(AbstractGenericContextLoader.java:1)
	at org.springframework.test.context.support.DelegatingSmartContextLoader.loadContext(DelegatingSmartContextLoader.java:228)
	at org.springframework.test.context.TestContext.loadApplicationContext(TestContext.java:124)
	at org.springframework.test.context.TestContext.getApplicationContext(TestContext.java:148)
	... 30 more
Caused by: java.lang.IllegalArgumentException: Property &apos;dataSource&apos; is required
	at org.springframework.jdbc.support.JdbcAccessor.afterPropertiesSet(JdbcAccessor.java:134)
	at org.springframework.beans.factory.support.AbstractAutowireCapableBeanFactory.invokeInitMethods(AbstractAutowireCapableBeanFactory.java:1514)
	at org.springframework.beans.factory.support.AbstractAutowireCapableBeanFactory.initializeBean(AbstractAutowireCapableBeanFactory.java:1452)
	... 44 more
</error>
    <system-out>23:33:53,714 |-INFO in ch.qos.logback.classic.LoggerContext[default] - Could NOT find resource [logback.groovy]
23:33:53,715 |-INFO in ch.qos.logback.classic.LoggerContext[default] - Could NOT find resource [logback-test.xml]
23:33:53,715 |-INFO in ch.qos.logback.classic.LoggerContext[default] - Found resource [logback.xml] at [file:/E:/cxl/dev/idea-cxl-space/crm/eisp-core/target/classes/logback.xml]
23:33:53,829 |-INFO in ch.qos.logback.classic.joran.action.ConfigurationAction - debug attribute not set
23:33:53,857 |-WARN in ch.qos.logback.core.joran.action.PropertyAction - [substitutionProperty] element has been deprecated. Please use the [property] element instead.
23:33:53,866 |-INFO in ch.qos.logback.classic.joran.action.JMXConfiguratorAction - begin
23:33:53,917 |-INFO in ch.qos.logback.core.joran.action.AppenderAction - About to instantiate appender of type [ch.qos.logback.core.rolling.RollingFileAppender]
23:33:53,922 |-INFO in ch.qos.logback.core.joran.action.AppenderAction - Naming appender as [logfile]
23:33:53,943 |-ERROR in ch.qos.logback.core.joran.spi.Interpreter@10:13 - no applicable action for [Encoding], current ElementPath  is [[configuration][appender][Encoding]]
23:33:53,993 |-INFO in c.q.l.core.rolling.TimeBasedRollingPolicy - Will use zip compression
23:33:53,995 |-INFO in c.q.l.core.rolling.TimeBasedRollingPolicy - Will use the pattern eisp.%d{yyyy-MM-dd}.log for the active file
23:33:53,999 |-INFO in c.q.l.core.rolling.DefaultTimeBasedFileNamingAndTriggeringPolicy - The date pattern is &apos;yyyy-MM-dd&apos; from file name pattern &apos;eisp.%d{yyyy-MM-dd}.log.zip&apos;.
23:33:53,999 |-INFO in c.q.l.core.rolling.DefaultTimeBasedFileNamingAndTriggeringPolicy - Roll-over at midnight.
23:33:54,003 |-INFO in c.q.l.core.rolling.DefaultTimeBasedFileNamingAndTriggeringPolicy - Setting initial period to Wed May 16 23:32:37 CST 2018
23:33:54,035 |-WARN in ch.qos.logback.core.rolling.RollingFileAppender[logfile] - This appender no longer admits a layout as a sub-component, set an encoder instead.
23:33:54,035 |-WARN in ch.qos.logback.core.rolling.RollingFileAppender[logfile] - To ensure compatibility, wrapping your layout in LayoutWrappingEncoder.
23:33:54,035 |-WARN in ch.qos.logback.core.rolling.RollingFileAppender[logfile] - See also http://logback.qos.ch/codes.html#layoutInsteadOfEncoder for details
23:33:54,037 |-INFO in ch.qos.logback.core.rolling.RollingFileAppender[logfile] - Active log file name: catalina.base_IS_UNDEFINED/logs/eisp.log
23:33:54,037 |-INFO in ch.qos.logback.core.rolling.RollingFileAppender[logfile] - File property is set to [catalina.base_IS_UNDEFINED/logs/eisp.log]
23:33:54,038 |-INFO in ch.qos.logback.core.joran.action.AppenderAction - About to instantiate appender of type [ch.qos.logback.core.rolling.RollingFileAppender]
23:33:54,038 |-INFO in ch.qos.logback.core.joran.action.AppenderAction - Naming appender as [logfile-StartupListener]
23:33:54,039 |-ERROR in ch.qos.logback.core.joran.spi.Interpreter@23:13 - no applicable action for [Encoding], current ElementPath  is [[configuration][appender][Encoding]]
23:33:54,040 |-INFO in c.q.l.core.rolling.TimeBasedRollingPolicy - Will use zip compression
23:33:54,040 |-INFO in c.q.l.core.rolling.TimeBasedRollingPolicy - Will use the pattern StartupListener.%d{yyyy-MM-dd}.log for the active file
23:33:54,041 |-INFO in c.q.l.core.rolling.DefaultTimeBasedFileNamingAndTriggeringPolicy - The date pattern is &apos;yyyy-MM-dd&apos; from file name pattern &apos;StartupListener.%d{yyyy-MM-dd}.log.zip&apos;.
23:33:54,041 |-INFO in c.q.l.core.rolling.DefaultTimeBasedFileNamingAndTriggeringPolicy - Roll-over at midnight.
23:33:54,041 |-INFO in c.q.l.core.rolling.DefaultTimeBasedFileNamingAndTriggeringPolicy - Setting initial period to Tue May 15 18:06:04 CST 2018
23:33:54,042 |-WARN in ch.qos.logback.core.rolling.RollingFileAppender[logfile-StartupListener] - This appender no longer admits a layout as a sub-component, set an encoder instead.
23:33:54,042 |-WARN in ch.qos.logback.core.rolling.RollingFileAppender[logfile-StartupListener] - To ensure compatibility, wrapping your layout in LayoutWrappingEncoder.
23:33:54,042 |-WARN in ch.qos.logback.core.rolling.RollingFileAppender[logfile-StartupListener] - See also http://logback.qos.ch/codes.html#layoutInsteadOfEncoder for details
23:33:54,043 |-INFO in ch.qos.logback.core.rolling.RollingFileAppender[logfile-StartupListener] - Active log file name: catalina.base_IS_UNDEFINED/logs/StartupListener.log
23:33:54,043 |-INFO in ch.qos.logback.core.rolling.RollingFileAppender[logfile-StartupListener] - File property is set to [catalina.base_IS_UNDEFINED/logs/StartupListener.log]
23:33:54,043 |-INFO in ch.qos.logback.core.joran.action.AppenderAction - About to instantiate appender of type [ch.qos.logback.core.rolling.RollingFileAppender]
23:33:54,043 |-INFO in ch.qos.logback.core.joran.action.AppenderAction - Naming appender as [logfile-CTest]
23:33:54,043 |-ERROR in ch.qos.logback.core.joran.spi.Interpreter@36:13 - no applicable action for [Encoding], current ElementPath  is [[configuration][appender][Encoding]]
23:33:54,044 |-INFO in c.q.l.core.rolling.TimeBasedRollingPolicy - Will use zip compression
23:33:54,044 |-INFO in c.q.l.core.rolling.TimeBasedRollingPolicy - Will use the pattern CTest.%d{yyyy-MM-dd}.log for the active file
23:33:54,045 |-INFO in c.q.l.core.rolling.DefaultTimeBasedFileNamingAndTriggeringPolicy - The date pattern is &apos;yyyy-MM-dd&apos; from file name pattern &apos;CTest.%d{yyyy-MM-dd}.log.zip&apos;.
23:33:54,045 |-INFO in c.q.l.core.rolling.DefaultTimeBasedFileNamingAndTriggeringPolicy - Roll-over at midnight.
23:33:54,046 |-INFO in c.q.l.core.rolling.DefaultTimeBasedFileNamingAndTriggeringPolicy - Setting initial period to Wed May 16 23:19:00 CST 2018
23:33:54,046 |-WARN in ch.qos.logback.core.rolling.RollingFileAppender[logfile-CTest] - This appender no longer admits a layout as a sub-component, set an encoder instead.
23:33:54,046 |-WARN in ch.qos.logback.core.rolling.RollingFileAppender[logfile-CTest] - To ensure compatibility, wrapping your layout in LayoutWrappingEncoder.
23:33:54,046 |-WARN in ch.qos.logback.core.rolling.RollingFileAppender[logfile-CTest] - See also http://logback.qos.ch/codes.html#layoutInsteadOfEncoder for details
23:33:54,046 |-INFO in ch.qos.logback.core.rolling.RollingFileAppender[logfile-CTest] - Active log file name: catalina.base_IS_UNDEFINED/logs/CTest.log
23:33:54,046 |-INFO in ch.qos.logback.core.rolling.RollingFileAppender[logfile-CTest] - File property is set to [catalina.base_IS_UNDEFINED/logs/CTest.log]
23:33:54,047 |-INFO in ch.qos.logback.core.joran.action.AppenderAction - About to instantiate appender of type [ch.qos.logback.classic.db.DBAppender]
23:33:54,051 |-INFO in ch.qos.logback.core.joran.action.AppenderAction - Naming appender as [DB]
23:33:54,060 |-ERROR in ch.qos.logback.core.joran.spi.Interpreter@51:70 - no applicable action for [dataSource], current ElementPath  is [[configuration][appender][connectionSource][dataSource]]
23:33:54,354 |-INFO in ch.qos.logback.core.db.DriverManagerConnectionSource@7997d021 - Driver name=Oracle JDBC driver
23:33:54,354 |-INFO in ch.qos.logback.core.db.DriverManagerConnectionSource@7997d021 - Driver version=11.2.0.1.0
23:33:54,354 |-INFO in ch.qos.logback.core.db.DriverManagerConnectionSource@7997d021 - supportsGetGeneratedKeys=true
23:33:54,360 |-INFO in ch.qos.logback.classic.joran.action.LoggerAction - Setting level of logger [test.CTest] to DEBUG
23:33:54,360 |-INFO in ch.qos.logback.classic.joran.action.LoggerAction - Setting additivity of logger [test.CTest] to true
23:33:54,360 |-INFO in ch.qos.logback.core.joran.action.AppenderRefAction - Attaching appender named [logfile-CTest] to Logger[test.CTest]
23:33:54,361 |-INFO in ch.qos.logback.classic.joran.action.LevelAction - ROOT level set to INFO
23:33:54,361 |-INFO in ch.qos.logback.core.joran.action.AppenderRefAction - Attaching appender named [logfile] to Logger[ROOT]
23:33:54,361 |-INFO in ch.qos.logback.classic.joran.action.ConfigurationAction - End of configuration.
23:33:54,362 |-INFO in ch.qos.logback.classic.joran.JoranConfigurator@5de164e4 - Registering current configuration as safe fallback point

</system-out>
    <system-err>SLF4J: The requested version 1.7.16 by your slf4j binding is not compatible with [1.6]
SLF4J: See http://www.slf4j.org/codes.html#version_mismatch for further details.
</system-err>
  </testcase>
</testsuite>